<?xml version="1.0" encoding="UTF-8"?>
<testng-results ignored="0" total="2" passed="2" failed="0" skipped="0">
  <reporter-output>
  </reporter-output>
  <suite started-at="2021-06-28T02:11:59 SGT" name="Default suite" finished-at="2021-06-28T02:12:04 SGT" duration-ms="4927">
    <groups>
    </groups>
    <test started-at="2021-06-28T02:11:59 SGT" name="Default test" finished-at="2021-06-28T02:12:04 SGT" duration-ms="4927">
      <class name="TestCase4">
        <test-method signature="openBrowser()[pri:0, instance:TestCase4@5552768b]" started-at="2021-06-28T02:11:59 SGT" name="openBrowser" finished-at="2021-06-28T02:12:02 SGT" duration-ms="3163" status="PASS">
          <reporter-output>
          </reporter-output>
        </test-method> <!-- openBrowser -->
        <test-method signature="buyFrogBunnyAndBear()[pri:0, instance:TestCase4@5552768b]" started-at="2021-06-28T02:12:02 SGT" name="buyFrogBunnyAndBear" finished-at="2021-06-28T02:12:04 SGT" duration-ms="1737" status="PASS">
          <reporter-output>
          </reporter-output>
        </test-method> <!-- buyFrogBunnyAndBear -->
      </class> <!-- TestCase4 -->
    </test> <!-- Default test -->
  </suite> <!-- Default suite -->
</testng-results>
